[debug] [2023-09-07T10:16:50.475Z] ----------------------------------------------------------------------
[debug] [2023-09-07T10:16:50.496Z] Command:       C:\Program Files\nodejs\node.exe C:\Users\kapil\AppData\Roaming\npm\node_modules\firebase-tools\lib\bin\firebase.js init
[debug] [2023-09-07T10:16:50.497Z] CLI Version:   12.5.2
[debug] [2023-09-07T10:16:50.497Z] Platform:      win32
[debug] [2023-09-07T10:16:50.497Z] Node Version:  v20.5.0
[debug] [2023-09-07T10:16:50.498Z] Time:          Thu Sep 07 2023 15:46:50 GMT+0530 (India Standard Time)
[debug] [2023-09-07T10:16:50.498Z] ----------------------------------------------------------------------
[debug] 
[debug] [2023-09-07T10:16:50.517Z] > command requires scopes: ["email","openid","https://www.googleapis.com/auth/cloudplatformprojects.readonly","https://www.googleapis.com/auth/firebase","https://www.googleapis.com/auth/cloud-platform"]
[debug] [2023-09-07T10:16:50.517Z] > authorizing via signed-in user (hiteshsolanki4623@gmail.com)
[info] 
     ######## #### ########  ######## ########     ###     ######  ########
     ##        ##  ##     ## ##       ##     ##  ##   ##  ##       ##
     ######    ##  ########  ######   ########  #########  ######  ######
     ##        ##  ##    ##  ##       ##     ## ##     ##       ## ##
     ##       #### ##     ## ######## ########  ##     ##  ######  ########

You're about to initialize a Firebase project in this directory:

  C:\Users\kapil\OneDrive\Desktop\Web\technowizz

[info] 
=== Project Setup
[info] 
[info] First, let's associate this project directory with a Firebase project.
[info] You can create multiple project aliases by running firebase use --add, 
[info] but for now we'll just set up a default project.
[info] 
[debug] [2023-09-07T10:18:08.820Z] > refreshing access token with scopes: []
[debug] [2023-09-07T10:18:08.822Z] >>> [apiv2][query] POST https://www.googleapis.com/oauth2/v3/token [none]
[debug] [2023-09-07T10:18:08.822Z] >>> [apiv2][body] POST https://www.googleapis.com/oauth2/v3/token [omitted]
[debug] [2023-09-07T10:18:09.105Z] <<< [apiv2][status] POST https://www.googleapis.com/oauth2/v3/token 200
[debug] [2023-09-07T10:18:09.106Z] <<< [apiv2][body] POST https://www.googleapis.com/oauth2/v3/token [omitted]
[debug] [2023-09-07T10:18:09.139Z] >>> [apiv2][query] GET https://firebase.googleapis.com/v1beta1/projects pageSize=100
[debug] [2023-09-07T10:18:10.036Z] <<< [apiv2][status] GET https://firebase.googleapis.com/v1beta1/projects 200
[debug] [2023-09-07T10:18:10.036Z] <<< [apiv2][body] GET https://firebase.googleapis.com/v1beta1/projects [omitted]
[info] i  Using project codetech-b3af2 (CodeTech) 
[info] 
=== Database Setup
[info] i  database: ensuring required API firebasedatabase.googleapis.com is enabled... 
[debug] [2023-09-07T10:18:14.015Z] >>> [apiv2][query] GET https://serviceusage.googleapis.com/v1/projects/codetech-b3af2/services/firebasedatabase.googleapis.com [none]
[debug] [2023-09-07T10:18:14.015Z] >>> [apiv2][(partial)header] GET https://serviceusage.googleapis.com/v1/projects/codetech-b3af2/services/firebasedatabase.googleapis.com x-goog-quota-user=projects/codetech-b3af2
[debug] [2023-09-07T10:18:15.980Z] <<< [apiv2][status] GET https://serviceusage.googleapis.com/v1/projects/codetech-b3af2/services/firebasedatabase.googleapis.com 200
[debug] [2023-09-07T10:18:15.981Z] <<< [apiv2][body] GET https://serviceusage.googleapis.com/v1/projects/codetech-b3af2/services/firebasedatabase.googleapis.com [omitted]
[info] +  database: required API firebasedatabase.googleapis.com is enabled 
[info] 
[debug] [2023-09-07T10:18:15.982Z] >>> [apiv2][query] GET https://firebasedatabase.googleapis.com/v1beta/projects/codetech-b3af2/locations/-/instances/codetech-b3af2-default-rtdb [none]
[debug] [2023-09-07T10:18:17.922Z] <<< [apiv2][status] GET https://firebasedatabase.googleapis.com/v1beta/projects/codetech-b3af2/locations/-/instances/codetech-b3af2-default-rtdb 200
[debug] [2023-09-07T10:18:17.923Z] <<< [apiv2][body] GET https://firebasedatabase.googleapis.com/v1beta/projects/codetech-b3af2/locations/-/instances/codetech-b3af2-default-rtdb {"name":"projects/16307324730/locations/us-central1/instances/codetech-b3af2-default-rtdb","project":"projects/16307324730","databaseUrl":"https://codetech-b3af2-default-rtdb.firebaseio.com","type":"DEFAULT_DATABASE","state":"ACTIVE"}
[info] 
[info] Firebase Realtime Database Security Rules allow you to define how your data should be
[info] structured and when your data can be read from and written to.
[info] 
[debug] [2023-09-07T10:18:44.842Z] >>> [apiv2][query] GET https://codetech-b3af2-default-rtdb.firebaseio.com/.settings/rules.json [none]
[debug] [2023-09-07T10:18:45.560Z] <<< [apiv2][status] GET https://codetech-b3af2-default-rtdb.firebaseio.com/.settings/rules.json 200
[debug] [2023-09-07T10:18:45.561Z] <<< [apiv2][body] GET https://codetech-b3af2-default-rtdb.firebaseio.com/.settings/rules.json [stream]
[info] +  Database Rules for codetech-b3af2-default-rtdb have been written to database.rules.json. 
[info] Future modifications to database.rules.json will update Realtime Database Security Rules when you run
[info] firebase deploy.
[info] 
=== Firestore Setup
[debug] [2023-09-07T10:18:45.568Z] >>> [apiv2][query] GET https://serviceusage.googleapis.com/v1/projects/codetech-b3af2/services/firestore.googleapis.com [none]
[debug] [2023-09-07T10:18:45.568Z] >>> [apiv2][(partial)header] GET https://serviceusage.googleapis.com/v1/projects/codetech-b3af2/services/firestore.googleapis.com x-goog-quota-user=projects/codetech-b3af2
[debug] [2023-09-07T10:18:47.417Z] <<< [apiv2][status] GET https://serviceusage.googleapis.com/v1/projects/codetech-b3af2/services/firestore.googleapis.com 200
[debug] [2023-09-07T10:18:47.417Z] <<< [apiv2][body] GET https://serviceusage.googleapis.com/v1/projects/codetech-b3af2/services/firestore.googleapis.com [omitted]
[debug] [2023-09-07T10:18:47.418Z] >>> [apiv2][query] GET https://firestore.googleapis.com/v1/projects/codetech-b3af2/databases/(default) [none]
[debug] [2023-09-07T10:18:47.691Z] <<< [apiv2][status] GET https://firestore.googleapis.com/v1/projects/codetech-b3af2/databases/(default) 200
[debug] [2023-09-07T10:18:47.692Z] <<< [apiv2][body] GET https://firestore.googleapis.com/v1/projects/codetech-b3af2/databases/(default) {"name":"projects/codetech-b3af2/databases/(default)","uid":"a08f0c95-50fb-4f02-92ec-b5c418082c7c","createTime":"2023-07-03T13:39:49.070602Z","updateTime":"2023-07-03T13:39:49.070602Z","locationId":"asia-south1","type":"FIRESTORE_NATIVE","concurrencyMode":"PESSIMISTIC","versionRetentionPeriod":"3600s","earliestVersionTime":"2023-09-07T09:18:48.247592Z","appEngineIntegrationMode":"DISABLED","keyPrefix":"j","pointInTimeRecoveryEnablement":"POINT_IN_TIME_RECOVERY_DISABLED","deleteProtectionState":"DELETE_PROTECTION_DISABLED","etag":"IOfttvyimIEDMJue+Kes6IAD"}
[debug] [2023-09-07T10:18:47.692Z] database_type: FIRESTORE_NATIVE
[debug] [2023-09-07T10:18:47.693Z] > command requires scopes: ["email","openid","https://www.googleapis.com/auth/cloudplatformprojects.readonly","https://www.googleapis.com/auth/firebase","https://www.googleapis.com/auth/cloud-platform"]
[debug] [2023-09-07T10:18:47.694Z] > authorizing via signed-in user (hiteshsolanki4623@gmail.com)
[debug] [2023-09-07T10:18:47.694Z] [iam] checking project codetech-b3af2 for permissions ["firebase.projects.get"]
[debug] [2023-09-07T10:18:47.695Z] >>> [apiv2][query] POST https://cloudresourcemanager.googleapis.com/v1/projects/codetech-b3af2:testIamPermissions [none]
[debug] [2023-09-07T10:18:47.695Z] >>> [apiv2][(partial)header] POST https://cloudresourcemanager.googleapis.com/v1/projects/codetech-b3af2:testIamPermissions x-goog-quota-user=projects/codetech-b3af2
[debug] [2023-09-07T10:18:47.695Z] >>> [apiv2][body] POST https://cloudresourcemanager.googleapis.com/v1/projects/codetech-b3af2:testIamPermissions {"permissions":["firebase.projects.get"]}
[debug] [2023-09-07T10:18:49.248Z] <<< [apiv2][status] POST https://cloudresourcemanager.googleapis.com/v1/projects/codetech-b3af2:testIamPermissions 200
[debug] [2023-09-07T10:18:49.248Z] <<< [apiv2][body] POST https://cloudresourcemanager.googleapis.com/v1/projects/codetech-b3af2:testIamPermissions {"permissions":["firebase.projects.get"]}
[info] 
[info] Firestore Security Rules allow you to define how and when to allow
[info] requests. You can keep these rules in your project directory
[info] and publish them with firebase deploy.
[info] 
[debug] [2023-09-07T10:18:53.618Z] >>> [apiv2][query] GET https://firebaserules.googleapis.com/v1/projects/codetech-b3af2/releases pageSize=10&pageToken=
[debug] [2023-09-07T10:18:55.293Z] <<< [apiv2][status] GET https://firebaserules.googleapis.com/v1/projects/codetech-b3af2/releases 200
[debug] [2023-09-07T10:18:55.294Z] <<< [apiv2][body] GET https://firebaserules.googleapis.com/v1/projects/codetech-b3af2/releases {"releases":[{"name":"projects/codetech-b3af2/releases/cloud.firestore","rulesetName":"projects/codetech-b3af2/rulesets/1fc58f54-3892-44d3-ab25-28c45fbf21b8","createTime":"2023-07-03T13:39:58.293992Z","updateTime":"2023-07-03T13:39:58.293992Z"}]}
[debug] [2023-09-07T10:18:55.294Z] Found ruleset: projects/codetech-b3af2/rulesets/1fc58f54-3892-44d3-ab25-28c45fbf21b8
[debug] [2023-09-07T10:18:55.294Z] >>> [apiv2][query] GET https://firebaserules.googleapis.com/v1/projects/codetech-b3af2/rulesets/1fc58f54-3892-44d3-ab25-28c45fbf21b8 [none]
[debug] [2023-09-07T10:18:56.747Z] <<< [apiv2][status] GET https://firebaserules.googleapis.com/v1/projects/codetech-b3af2/rulesets/1fc58f54-3892-44d3-ab25-28c45fbf21b8 200
[debug] [2023-09-07T10:18:56.747Z] <<< [apiv2][body] GET https://firebaserules.googleapis.com/v1/projects/codetech-b3af2/rulesets/1fc58f54-3892-44d3-ab25-28c45fbf21b8 [omitted]
[info] 
[info] Firestore indexes allow you to perform complex queries while
[info] maintaining performance that scales with the size of the result
[info] set. You can keep index definitions in your project directory
[info] and publish them with firebase deploy.
[info] 
[debug] [2023-09-07T10:18:57.704Z] >>> [apiv2][query] GET https://firestore.googleapis.com/v1/projects/codetech-b3af2/databases/(default)/collectionGroups/-/indexes [none]
[debug] [2023-09-07T10:18:57.708Z] >>> [apiv2][query] GET https://firestore.googleapis.com/v1/projects/codetech-b3af2/databases/(default)/collectionGroups/-/fields?filter=indexConfig.usesAncestorConfig=false OR ttlConfig:* [none]
[debug] [2023-09-07T10:18:57.882Z] <<< [apiv2][status] GET https://firestore.googleapis.com/v1/projects/codetech-b3af2/databases/(default)/collectionGroups/-/indexes 200
[debug] [2023-09-07T10:18:57.882Z] <<< [apiv2][body] GET https://firestore.googleapis.com/v1/projects/codetech-b3af2/databases/(default)/collectionGroups/-/indexes {}
[debug] [2023-09-07T10:18:57.893Z] <<< [apiv2][status] GET https://firestore.googleapis.com/v1/projects/codetech-b3af2/databases/(default)/collectionGroups/-/fields?filter=indexConfig.usesAncestorConfig=false OR ttlConfig:* 200
[debug] [2023-09-07T10:18:57.894Z] <<< [apiv2][body] GET https://firestore.googleapis.com/v1/projects/codetech-b3af2/databases/(default)/collectionGroups/-/fields?filter=indexConfig.usesAncestorConfig=false OR ttlConfig:* {"fields":[{"name":"projects/codetech-b3af2/databases/(default)/collectionGroups/__default__/fields/*","indexConfig":{"indexes":[{"queryScope":"COLLECTION","fields":[{"fieldPath":"*","order":"ASCENDING"}],"state":"READY"},{"queryScope":"COLLECTION","fields":[{"fieldPath":"*","order":"DESCENDING"}],"state":"READY"},{"queryScope":"COLLECTION","fields":[{"fieldPath":"*","arrayConfig":"CONTAINS"}],"state":"READY"}]}}]}
[info] 
=== Functions Setup
[debug] [2023-09-07T10:18:57.898Z] > command requires scopes: ["email","openid","https://www.googleapis.com/auth/cloudplatformprojects.readonly","https://www.googleapis.com/auth/firebase","https://www.googleapis.com/auth/cloud-platform"]
[debug] [2023-09-07T10:18:57.898Z] > authorizing via signed-in user (hiteshsolanki4623@gmail.com)
[debug] [2023-09-07T10:18:57.898Z] [iam] checking project codetech-b3af2 for permissions ["firebase.projects.get"]
[debug] [2023-09-07T10:18:57.898Z] >>> [apiv2][query] POST https://cloudresourcemanager.googleapis.com/v1/projects/codetech-b3af2:testIamPermissions [none]
[debug] [2023-09-07T10:18:57.898Z] >>> [apiv2][(partial)header] POST https://cloudresourcemanager.googleapis.com/v1/projects/codetech-b3af2:testIamPermissions x-goog-quota-user=projects/codetech-b3af2
[debug] [2023-09-07T10:18:57.898Z] >>> [apiv2][body] POST https://cloudresourcemanager.googleapis.com/v1/projects/codetech-b3af2:testIamPermissions {"permissions":["firebase.projects.get"]}
[debug] [2023-09-07T10:18:58.368Z] <<< [apiv2][status] POST https://cloudresourcemanager.googleapis.com/v1/projects/codetech-b3af2:testIamPermissions 200
[debug] [2023-09-07T10:18:58.369Z] <<< [apiv2][body] POST https://cloudresourcemanager.googleapis.com/v1/projects/codetech-b3af2:testIamPermissions {"permissions":["firebase.projects.get"]}
[debug] [2023-09-07T10:18:58.369Z] >>> [apiv2][query] GET https://serviceusage.googleapis.com/v1/projects/codetech-b3af2/services/cloudfunctions.googleapis.com [none]
[debug] [2023-09-07T10:18:58.369Z] >>> [apiv2][(partial)header] GET https://serviceusage.googleapis.com/v1/projects/codetech-b3af2/services/cloudfunctions.googleapis.com x-goog-quota-user=projects/codetech-b3af2
[debug] [2023-09-07T10:18:58.372Z] >>> [apiv2][query] GET https://serviceusage.googleapis.com/v1/projects/codetech-b3af2/services/runtimeconfig.googleapis.com [none]
[debug] [2023-09-07T10:18:58.372Z] >>> [apiv2][(partial)header] GET https://serviceusage.googleapis.com/v1/projects/codetech-b3af2/services/runtimeconfig.googleapis.com x-goog-quota-user=projects/codetech-b3af2
[debug] [2023-09-07T10:19:00.212Z] <<< [apiv2][status] GET https://serviceusage.googleapis.com/v1/projects/codetech-b3af2/services/runtimeconfig.googleapis.com 200
[debug] [2023-09-07T10:19:00.213Z] <<< [apiv2][body] GET https://serviceusage.googleapis.com/v1/projects/codetech-b3af2/services/runtimeconfig.googleapis.com [omitted]
[debug] [2023-09-07T10:19:00.214Z] <<< [apiv2][status] GET https://serviceusage.googleapis.com/v1/projects/codetech-b3af2/services/cloudfunctions.googleapis.com 200
[debug] [2023-09-07T10:19:00.214Z] <<< [apiv2][body] GET https://serviceusage.googleapis.com/v1/projects/codetech-b3af2/services/cloudfunctions.googleapis.com [omitted]
[debug] [2023-09-07T10:19:00.215Z] >>> [apiv2][query] POST https://serviceusage.googleapis.com/v1/projects/codetech-b3af2/services/cloudfunctions.googleapis.com:enable [none]
[debug] [2023-09-07T10:19:00.215Z] >>> [apiv2][(partial)header] POST https://serviceusage.googleapis.com/v1/projects/codetech-b3af2/services/cloudfunctions.googleapis.com:enable x-goog-quota-user=projects/codetech-b3af2
[debug] [2023-09-07T10:19:00.975Z] <<< [apiv2][status] POST https://serviceusage.googleapis.com/v1/projects/codetech-b3af2/services/cloudfunctions.googleapis.com:enable 200
[debug] [2023-09-07T10:19:00.975Z] <<< [apiv2][body] POST https://serviceusage.googleapis.com/v1/projects/codetech-b3af2/services/cloudfunctions.googleapis.com:enable [omitted]
[debug] [2023-09-07T10:19:10.978Z] >>> [apiv2][query] GET https://serviceusage.googleapis.com/v1/projects/codetech-b3af2/services/cloudfunctions.googleapis.com [none]
[debug] [2023-09-07T10:19:10.978Z] >>> [apiv2][(partial)header] GET https://serviceusage.googleapis.com/v1/projects/codetech-b3af2/services/cloudfunctions.googleapis.com x-goog-quota-user=projects/codetech-b3af2
[debug] [2023-09-07T10:19:12.808Z] <<< [apiv2][status] GET https://serviceusage.googleapis.com/v1/projects/codetech-b3af2/services/cloudfunctions.googleapis.com 200
[debug] [2023-09-07T10:19:12.808Z] <<< [apiv2][body] GET https://serviceusage.googleapis.com/v1/projects/codetech-b3af2/services/cloudfunctions.googleapis.com [omitted]
[info] Let's create a new codebase for your functions.
[info] A directory corresponding to the codebase will be created in your project
[info] with sample code pre-configured.

[info] See https://firebase.google.com/docs/functions/organize-functions for
[info] more information on organizing your functions using codebases.

[info] Functions can be deployed with firebase deploy.

[info] +  Wrote functions/package.json 
[info] +  Wrote functions/index.js 
[info] +  Wrote functions/.gitignore 
[info] 
=== Hosting Setup
[info] 
[info] Your public directory is the folder (relative to your project directory) that
[info] will contain Hosting assets to be uploaded with firebase deploy. If you
[info] have a build process for your assets, use your build's output directory.
[info] 
[info] +  Wrote y/404.html 
[debug] [2023-09-07T10:20:29.526Z] >>> [apiv2][query] GET https://www.gstatic.com/firebasejs/releases.json [none]
[debug] [2023-09-07T10:20:29.640Z] <<< [apiv2][status] GET https://www.gstatic.com/firebasejs/releases.json 200
[debug] [2023-09-07T10:20:29.640Z] <<< [apiv2][body] GET https://www.gstatic.com/firebasejs/releases.json {"current":{"version":"10.3.1","browserURL":"https://www.gstatic.com/firebasejs/10.3.1/firebase.js","packageURL":"https://www.gstatic.com/firebasejs/10.3.1/firebase.tgz"},"live":{"version":"10.3","browserURL":"https://www.gstatic.com/firebasejs/live/10.3/firebase.js","packageURL":"https://www.gstatic.com/firebasejs/live/10.3/firebase.tgz"},"components":{"analytics":"https://www.gstatic.com/firebasejs/10.3.1/firebase-analytics.js","app":"https://www.gstatic.com/firebasejs/10.3.1/firebase-app.js","app-check":"https://www.gstatic.com/firebasejs/10.3.1/firebase-app-check.js","auth":"https://www.gstatic.com/firebasejs/10.3.1/firebase-auth.js","auth/cordova":"https://www.gstatic.com/firebasejs/10.3.1/firebase-auth/cordova.js","functions":"https://www.gstatic.com/firebasejs/10.3.1/firebase-functions.js","firestore":"https://www.gstatic.com/firebasejs/10.3.1/firebase-firestore.js","firestore/lite":"https://www.gstatic.com/firebasejs/10.3.1/firebase-firestore/lite.js","installations":"https://www.gstatic.com/firebasejs/10.3.1/firebase-installations.js","storage":"https://www.gstatic.com/firebasejs/10.3.1/firebase-storage.js","performance":"https://www.gstatic.com/firebasejs/10.3.1/firebase-performance.js","remote-config":"https://www.gstatic.com/firebasejs/10.3.1/firebase-remote-config.js","messaging":"https://www.gstatic.com/firebasejs/10.3.1/firebase-messaging.js","messaging/sw":"https://www.gstatic.com/firebasejs/10.3.1/firebase-messaging/sw.js","database":"https://www.gstatic.com/firebasejs/10.3.1/firebase-database.js","firestore.memory":"https://www.gstatic.com/firebasejs/10.3.1/firebase-firestore.memory.js"}}
[info] +  Wrote y/index.html 
[info] 
[info] i  Detected a .git folder at C:\Users\kapil\OneDrive\Desktop\Web\technowizz 
[info] i  Authorizing with GitHub to upload your service account to a GitHub repository's secrets store. 
[info] 
[info] Visit this URL on this device to log in:
[info] https://github.com/login/oauth/authorize?client_id=89cf50f02ac6aaed3484&state=840582795&redirect_uri=http%3A%2F%2Flocalhost%3A9005&scope=read%3Auser%20repo%20public_repo
[info] 
[info] Waiting for authentication...
[debug] [2023-09-07T10:20:44.765Z] >>> [apiv2][query] POST https://github.com/login/oauth/access_token [none]
[debug] [2023-09-07T10:20:44.765Z] >>> [apiv2][body] POST https://github.com/login/oauth/access_token [stream]
[debug] [2023-09-07T10:20:45.780Z] <<< [apiv2][status] POST https://github.com/login/oauth/access_token 200
[debug] [2023-09-07T10:20:45.780Z] <<< [apiv2][body] POST https://github.com/login/oauth/access_token {"access_token":"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","token_type":"bearer","scope":"read:user,repo"}
[debug] [2023-09-07T10:20:45.803Z] >>> [apiv2][query] GET https://api.github.com/user [none]
[debug] [2023-09-07T10:20:46.240Z] <<< [apiv2][status] GET https://api.github.com/user 200
[debug] [2023-09-07T10:20:46.240Z] <<< [apiv2][body] GET https://api.github.com/user {"login":"Hitesh-s0lanki","id":122617788,"node_id":"U_kgDOB07_vA","avatar_url":"https://avatars.githubusercontent.com/u/122617788?v=4","gravatar_id":"","url":"https://api.github.com/users/Hitesh-s0lanki","html_url":"https://github.com/Hitesh-s0lanki","followers_url":"https://api.github.com/users/Hitesh-s0lanki/followers","following_url":"https://api.github.com/users/Hitesh-s0lanki/following{/other_user}","gists_url":"https://api.github.com/users/Hitesh-s0lanki/gists{/gist_id}","starred_url":"https://api.github.com/users/Hitesh-s0lanki/starred{/owner}{/repo}","subscriptions_url":"https://api.github.com/users/Hitesh-s0lanki/subscriptions","organizations_url":"https://api.github.com/users/Hitesh-s0lanki/orgs","repos_url":"https://api.github.com/users/Hitesh-s0lanki/repos","events_url":"https://api.github.com/users/Hitesh-s0lanki/events{/privacy}","received_events_url":"https://api.github.com/users/Hitesh-s0lanki/received_events","type":"User","site_admin":false,"name":null,"company":null,"blog":"https://portfolio-one-lac-68.vercel.app/#/","location":null,"email":null,"hireable":null,"bio":null,"twitter_username":null,"public_repos":19,"public_gists":0,"followers":2,"following":8,"created_at":"2023-01-13T13:32:00Z","updated_at":"2023-09-04T07:03:44Z","private_gists":0,"total_private_repos":1,"owned_private_repos":1,"disk_usage":10689,"collaborators":0,"two_factor_authentication":false,"plan":{"name":"free","space":976562499,"collaborators":0,"private_repos":10000}}
[info] 
[info] +  Success! Logged into GitHub as Hitesh-s0lanki 
[info] 
[debug] [2023-09-07T10:20:53.967Z] >>> [apiv2][query] GET https://api.github.com/repos//actions/secrets/public-key type=owner
[debug] [2023-09-07T10:20:54.383Z] <<< [apiv2][status] GET https://api.github.com/repos//actions/secrets/public-key 404
[debug] [2023-09-07T10:20:54.383Z] <<< [apiv2][body] GET https://api.github.com/repos//actions/secrets/public-key {"message":"Not Found","documentation_url":"https://docs.github.com/rest"}
[info] 
[info] 
[error] !  The provided authorization cannot be used with this repository. If this repository is in an organization, did you remember to grant access? 
[info] 
[info] i  Action required: Visit this URL to ensure access has been granted to the appropriate organization(s) for the Firebase CLI GitHub OAuth App: 
[info] https://github.com/settings/connections/applications/89cf50f02ac6aaed3484
[info] 
[debug] [2023-09-07T10:20:56.656Z] >>> [apiv2][query] GET https://api.github.com/repos//actions/secrets/public-key type=owner
[debug] [2023-09-07T10:20:57.044Z] <<< [apiv2][status] GET https://api.github.com/repos//actions/secrets/public-key 404
[debug] [2023-09-07T10:20:57.044Z] <<< [apiv2][body] GET https://api.github.com/repos//actions/secrets/public-key {"message":"Not Found","documentation_url":"https://docs.github.com/rest"}
[info] 
[info] 
[error] !  The provided authorization cannot be used with this repository. If this repository is in an organization, did you remember to grant access? 
[info] 
[info] i  Action required: Visit this URL to ensure access has been granted to the appropriate organization(s) for the Firebase CLI GitHub OAuth App: 
[info] https://github.com/settings/connections/applications/89cf50f02ac6aaed3484
[info] 
[debug] [2023-09-07T10:20:57.669Z] >>> [apiv2][query] GET https://api.github.com/repos//actions/secrets/public-key type=owner
[debug] [2023-09-07T10:20:57.965Z] <<< [apiv2][status] GET https://api.github.com/repos//actions/secrets/public-key 404
[debug] [2023-09-07T10:20:57.965Z] <<< [apiv2][body] GET https://api.github.com/repos//actions/secrets/public-key {"message":"Not Found","documentation_url":"https://docs.github.com/rest"}
[info] 
[info] 
[error] !  The provided authorization cannot be used with this repository. If this repository is in an organization, did you remember to grant access? 
[info] 
[info] i  Action required: Visit this URL to ensure access has been granted to the appropriate organization(s) for the Firebase CLI GitHub OAuth App: 
[info] https://github.com/settings/connections/applications/89cf50f02ac6aaed3484
[info] 
[debug] [2023-09-07T10:21:50.991Z] >>> [apiv2][query] GET https://api.github.com/repos//actions/secrets/public-key type=owner
[debug] [2023-09-07T10:21:51.418Z] <<< [apiv2][status] GET https://api.github.com/repos//actions/secrets/public-key 404
[debug] [2023-09-07T10:21:51.418Z] <<< [apiv2][body] GET https://api.github.com/repos//actions/secrets/public-key {"message":"Not Found","documentation_url":"https://docs.github.com/rest"}
[info] 
[info] 
[error] !  The provided authorization cannot be used with this repository. If this repository is in an organization, did you remember to grant access? 
[info] 
[info] i  Action required: Visit this URL to ensure access has been granted to the appropriate organization(s) for the Firebase CLI GitHub OAuth App: 
[info] https://github.com/settings/connections/applications/89cf50f02ac6aaed3484
[info] 
[debug] [2023-09-07T10:21:51.980Z] >>> [apiv2][query] GET https://api.github.com/repos//actions/secrets/public-key type=owner
[debug] [2023-09-07T10:21:52.224Z] >>> [apiv2][query] GET https://api.github.com/repos//actions/secrets/public-key type=owner
[debug] [2023-09-07T10:21:52.257Z] <<< [apiv2][status] GET https://api.github.com/repos//actions/secrets/public-key 404
[debug] [2023-09-07T10:21:52.257Z] <<< [apiv2][body] GET https://api.github.com/repos//actions/secrets/public-key {"message":"Not Found","documentation_url":"https://docs.github.com/rest"}
[info] 
[info] 
[error] !  The provided authorization cannot be used with this repository. If this repository is in an organization, did you remember to grant access? 
[info] 
[info] i  Action required: Visit this URL to ensure access has been granted to the appropriate organization(s) for the Firebase CLI GitHub OAuth App: 
[info] https://github.com/settings/connections/applications/89cf50f02ac6aaed3484
[info] 
[debug] [2023-09-07T10:21:52.377Z] >>> [apiv2][query] GET https://api.github.com/repos//actions/secrets/public-key type=owner
[debug] [2023-09-07T10:21:52.512Z] >>> [apiv2][query] GET https://api.github.com/repos//actions/secrets/public-key type=owner
[debug] [2023-09-07T10:21:52.553Z] <<< [apiv2][status] GET https://api.github.com/repos//actions/secrets/public-key 404
[debug] [2023-09-07T10:21:52.553Z] <<< [apiv2][body] GET https://api.github.com/repos//actions/secrets/public-key {"message":"Not Found","documentation_url":"https://docs.github.com/rest"}
[info] 
[info] 
[error] !  The provided authorization cannot be used with this repository. If this repository is in an organization, did you remember to grant access? 
[info] 
[info] i  Action required: Visit this URL to ensure access has been granted to the appropriate organization(s) for the Firebase CLI GitHub OAuth App: 
[info] https://github.com/settings/connections/applications/89cf50f02ac6aaed3484
[info] 
[debug] [2023-09-07T10:21:52.649Z] <<< [apiv2][status] GET https://api.github.com/repos//actions/secrets/public-key 404
[debug] [2023-09-07T10:21:52.649Z] <<< [apiv2][body] GET https://api.github.com/repos//actions/secrets/public-key {"message":"Not Found","documentation_url":"https://docs.github.com/rest"}
[info] 
[info] 
[error] !  The provided authorization cannot be used with this repository. If this repository is in an organization, did you remember to grant access? 
[info] 
[info] i  Action required: Visit this URL to ensure access has been granted to the appropriate organization(s) for the Firebase CLI GitHub OAuth App: 
[info] https://github.com/settings/connections/applications/89cf50f02ac6aaed3484
[info] 
[debug] [2023-09-07T10:21:52.684Z] >>> [apiv2][query] GET https://api.github.com/repos//actions/secrets/public-key type=owner
[debug] [2023-09-07T10:21:52.954Z] <<< [apiv2][status] GET https://api.github.com/repos//actions/secrets/public-key 404
[debug] [2023-09-07T10:21:52.954Z] <<< [apiv2][body] GET https://api.github.com/repos//actions/secrets/public-key {"message":"Not Found","documentation_url":"https://docs.github.com/rest"}
[info] 
[info] 
[error] !  The provided authorization cannot be used with this repository. If this repository is in an organization, did you remember to grant access? 
[info] 
[info] i  Action required: Visit this URL to ensure access has been granted to the appropriate organization(s) for the Firebase CLI GitHub OAuth App: 
[info] https://github.com/settings/connections/applications/89cf50f02ac6aaed3484
[info] 
[debug] [2023-09-07T10:21:52.984Z] <<< [apiv2][status] GET https://api.github.com/repos//actions/secrets/public-key 404
[debug] [2023-09-07T10:21:52.984Z] <<< [apiv2][body] GET https://api.github.com/repos//actions/secrets/public-key {"message":"Not Found","documentation_url":"https://docs.github.com/rest"}
[info] 
[info] 
[error] !  The provided authorization cannot be used with this repository. If this repository is in an organization, did you remember to grant access? 
[info] 
[info] i  Action required: Visit this URL to ensure access has been granted to the appropriate organization(s) for the Firebase CLI GitHub OAuth App: 
[info] https://github.com/settings/connections/applications/89cf50f02ac6aaed3484
[info] 
